build/app/outputs/mapping/release/seeds.txt
com.example.test_pro.MainActivity
com.example.test_pro.MainActivity: MainActivity()
...
androidx.window.layout.WindowInfoTracker$Companion: void reset()
androidx.window.embedding.EmptyEmbeddingComponent: void setEmbeddingRules(java.util.Set)
androidx.window.layout.SidecarCompat: androidx.window.layout.WindowLayoutInfo getWindowLayoutInfo(android.app.Activity)
androidx.window.layout.SidecarAdapter: boolean isEqualSidecarDeviceState(androidx.window.sidecar.SidecarDeviceState,androidx.window.sidecar.SidecarDeviceState)
androidx.window.embedding.ExtensionEmbeddingBackend: void unregisterRule(androidx.window.embedding.EmbeddingRule)
androidx.collection.SimpleArrayMap: int indexOfNull()
io.flutter.embedding.engine.FlutterJNI: void nativePrefetchDefaultFontManager()
androidx.window.embedding.EmbeddingCompat: void setSplitRules(java.util.Set)
kotlin.coroutines.jvm.internal.BaseContinuationImpl: kotlin.coroutines.jvm.internal.CoroutineStackFrame getCallerFrame()
io.flutter.plugin.editing.ImeSyncDeferringInsetsCallback: int access$100(io.flutter.plugin.editing.ImeSyncDeferringInsetsCallback)
io.flutter.embedding.engine.systemchannels.PlatformViewsChannel$PlatformViewCreationRequest$RequestedDisplayMode: io.flutter.embedding.engine.systemchannels.PlatformViewsChannel$PlatformViewCreationRequest$RequestedDisplayMode valueOf(java.lang.String)
io.flutter.embedding.android.FlutterView: void setVisibility(int)
android.support.v4.app.RemoteActionCompatParcelizer: void write(androidx.core.app.RemoteActionCompat,androidx.versionedparcelable.VersionedParcel)
io.flutter.embedding.android.FlutterImageView$SurfaceKind: io.flutter.embedding.android.FlutterImageView$SurfaceKind[] values()
androidx.window.embedding.SplitPairFilter: boolean equals(java.lang.Object)
io.flutter.embedding.android.FlutterTextureView: io.flutter.embedding.engine.renderer.FlutterRenderer getAttachedRenderer()
androidx.collection.SimpleArrayMap: java.lang.Object keyAt(int)
androidx.window.embedding.ActivityStack: ActivityStack(java.util.List,boolean)
androidx.collection.SimpleArrayMap: SimpleArrayMap()
androidx.window.java.layout.WindowInfoTrackerCallbackAdapter$addListener$1$1: kotlin.coroutines.Continuation create(java.lang.Object,kotlin.coroutines.Continuation)
androidx.window.embedding.EmbeddingAdapter: java.util.function.Predicate translateIntentPredicates(java.util.Set)
androidx.core.graphics.drawable.IconCompatParcelizer: IconCompatParcelizer()
kotlin.jvm.internal.CallableReference: java.lang.Object getBoundReceiver()
io.flutter.plugin.editing.ImeSyncDeferringInsetsCallback: boolean access$300(io.flutter.plugin.editing.ImeSyncDeferringInsetsCallback)
androidx.window.embedding.SplitInfo: boolean contains(android.app.Activity)
androidx.window.layout.WindowInfoTrackerImpl: androidx.window.layout.WindowBackend access$getWindowBackend$p(androidx.window.layout.WindowInfoTrackerImpl)
androidx.core.graphics.drawable.IconCompatParcelizer: androidx.core.graphics.drawable.IconCompat read(androidx.versionedparcelable.VersionedParcel)
io.flutter.embedding.engine.FlutterJNI: void nativeRegisterTexture(long,long,java.lang.ref.WeakReference)
androidx.window.embedding.SplitController: androidx.window.embedding.SplitController access$getGlobalInstance$cp()
androidx.window.layout.WindowMetricsCalculator$Companion$reset$1: WindowMetricsCalculator$Companion$reset$1()
kotlin.jvm.internal.FunctionReference: boolean isInfix()
android.support.v4.graphics.drawable.IconCompatParcelizer: androidx.core.graphics.drawable.IconCompat read(androidx.versionedparcelable.VersionedParcel)
io.flutter.embedding.engine.FlutterJNI: void runBundleAndSnapshotFromLibrary(java.lang.String,java.lang.String,java.lang.String,android.content.res.AssetManager,java.util.List)
androidx.window.layout.WindowInfoTrackerImpl: kotlinx.coroutines.flow.Flow windowLayoutInfo(android.app.Activity)
androidx.window.embedding.SplitRule: boolean checkParentMetrics(android.view.WindowMetrics)
androidx.window.layout.WindowMetrics: android.graphics.Rect getBounds()