build/app/outputs/mapping/release/mapping.txt
# compiler: R8
# compiler_version: 3.2.47
# min_api: 16
# common_typos_disable
# {"id":"com.android.tools.r8.mapping","version":"2.0"}
# pg_map_id: dcbd5e0
# pg_map_hash: SHA-256 dcbd5e0871706b5a28968ee5ac22d9148c29b090c362e1a68a59d47542c5f807
...
io.flutter.embedding.android.FlutterView$1 -> io.flutter.embedding.android.k$a:
    io.flutter.embedding.android.FlutterView this$0 -> a
    void onAccessibilityChanged(boolean,boolean) -> a
io.flutter.embedding.android.FlutterView$2 -> io.flutter.embedding.android.k$b:
    io.flutter.embedding.android.FlutterView this$0 -> a
io.flutter.embedding.android.FlutterView$3 -> io.flutter.embedding.android.k$c:
    io.flutter.embedding.android.FlutterView this$0 -> a
    void onFlutterUiDisplayed() -> c
    void onFlutterUiNoLongerDisplayed() -> e
io.flutter.embedding.android.FlutterView$4 -> io.flutter.embedding.android.k$d:
    io.flutter.embedding.android.FlutterView this$0 -> a
    void accept(androidx.window.layout.WindowLayoutInfo) -> a
io.flutter.embedding.android.FlutterView$5 -> io.flutter.embedding.android.k$e:
    java.lang.Runnable val$onDone -> b
    io.flutter.embedding.engine.renderer.FlutterRenderer val$renderer -> a
    io.flutter.embedding.android.FlutterView this$0 -> c
    void onFlutterUiDisplayed() -> c
    void onFlutterUiNoLongerDisplayed() -> e
io.flutter.embedding.android.FlutterView$FlutterEngineAttachmentListener -> io.flutter.embedding.android.k$f:
    void onFlutterEngineAttachedToFlutterView(io.flutter.embedding.engine.FlutterEngine) -> a
    void onFlutterEngineDetachedFromFlutterView() -> b
io.flutter.embedding.android.FlutterView$ZeroSides -> io.flutter.embedding.android.k$g:
    io.flutter.embedding.android.FlutterView$ZeroSides[] $VALUES -> h
    io.flutter.embedding.android.FlutterView$ZeroSides BOTH -> g
    io.flutter.embedding.android.FlutterView$ZeroSides RIGHT -> f
    io.flutter.embedding.android.FlutterView$ZeroSides LEFT -> e
    io.flutter.embedding.android.FlutterView$ZeroSides NONE -> d
io.flutter.embedding.android.KeyChannelResponder -> io.flutter.embedding.android.m:
    io.flutter.embedding.engine.systemchannels.KeyEventChannel keyEventChannel -> a
    io.flutter.embedding.android.KeyboardManager$CharacterCombiner characterCombiner -> b
    void handleEvent(android.view.KeyEvent,io.flutter.embedding.android.KeyboardManager$Responder$OnKeyEventHandledCallback) -> a
    void $r8$lambda$2j1oQDNrug8exq2tp8d8ktXWyJI(io.flutter.embedding.android.KeyboardManager$Responder$OnKeyEventHandledCallback,boolean) -> b
      # {"id":"com.android.tools.r8.synthesized"}
    void lambda$handleEvent$0(io.flutter.embedding.android.KeyboardManager$Responder$OnKeyEventHandledCallback,boolean) -> c
io.flutter.embedding.android.KeyChannelResponder$$ExternalSyntheticLambda0 -> io.flutter.embedding.android.l:
# {"id":"sourceFile","fileName":"R8$$SyntheticClass"}
# {"id":"com.android.tools.r8.synthesized"}
    io.flutter.embedding.android.KeyboardManager$Responder$OnKeyEventHandledCallback io.flutter.embedding.android.KeyChannelResponder$$InternalSyntheticLambda$0$cf5bb92e2b133ed4958c8cd4422a67f2702c41d504a4d346cc4c4bc1e1bd865e$0.f$0 -> a
    void io.flutter.embedding.android.KeyChannelResponder$$InternalSyntheticLambda$0$cf5bb92e2b133ed4958c8cd4422a67f2702c41d504a4d346cc4c4bc1e1bd865e$0.<init>(io.flutter.embedding.android.KeyboardManager$Responder$OnKeyEventHandledCallback) -> <init>
      # {"id":"com.android.tools.r8.synthesized"}
    void io.flutter.embedding.android.KeyChannelResponder$$InternalSyntheticLambda$0$cf5bb92e2b133ed4958c8cd4422a67f2702c41d504a4d346cc4c4bc1e1bd865e$0.onFrameworkResponse(boolean) -> a
      # {"id":"com.android.tools.r8.synthesized"}
io.flutter.embedding.android.KeyData -> io.flutter.embedding.android.n:
    java.lang.String character -> f
    io.flutter.embedding.android.KeyData$Type type -> b
    boolean synthesized -> e
    long timestamp -> a
    long logicalKey -> d
    long physicalKey -> c
    java.nio.ByteBuffer toBytes() -> a