build/app/outputs/mapping/release/usage.txt
com.example.test_pro.BuildConfig
com.example.test_pro.R$attr
com.example.test_pro.R$color
com.example.test_pro.R$dimen
com.example.test_pro.R$drawable
com.example.test_pro.R$id
com.example.test_pro.R$integer
com.example.test_pro.R$layout
com.example.test_pro.R$mipmap
com.example.test_pro.R$string
com.example.test_pro.R$style
com.example.test_pro.R$styleable
com.example.test_pro.R
...
io.flutter.plugin.editing.FlutterTextUtils:
    public static final int CANCEL_TAG
    public static final int CARRIAGE_RETURN
    public static final int COMBINING_ENCLOSING_KEYCAP
    public static final int LINE_FEED
    public static final int ZERO_WIDTH_JOINER
io.flutter.plugin.editing.InputConnectionAdaptor:
    private static final java.lang.String TAG
    private static int clampIndexToEditable(int,android.text.Editable)
io.flutter.plugin.editing.ListenableEditingState:
    private static final java.lang.String TAG
io.flutter.plugin.editing.SpellCheckPlugin:
    public static final java.lang.String END_INDEX_KEY
    private static final int MAX_SPELL_CHECK_SUGGESTIONS
    public static final java.lang.String START_INDEX_KEY
    public static final java.lang.String SUGGESTIONS_KEY
io.flutter.plugin.editing.TextEditingDelta:
    private static final java.lang.String TAG
    public int getDeltaEnd()
    public int getDeltaStart()
    public java.lang.CharSequence getDeltaText()
    public int getNewComposingEnd()
    public int getNewComposingStart()
    public int getNewSelectionEnd()
    public int getNewSelectionStart()
    public java.lang.CharSequence getOldText()
io.flutter.plugin.editing.TextInputPlugin:
    private static final java.lang.String TAG
    android.text.Editable getEditable()
    io.flutter.plugin.editing.ImeSyncDeferringInsetsCallback getImeSyncCallback()
    public android.view.inputmethod.InputConnection getLastInputConnection()
io.flutter.plugin.mouse.MouseCursorPlugin$2:
    private static final long serialVersionUID
io.flutter.plugin.platform.PlatformOverlayView:
    public void <init>(android.content.Context)
    public void <init>(android.content.Context,android.util.AttributeSet)
io.flutter.plugin.platform.PlatformPlugin:
    public static final int DEFAULT_SYSTEM_UI
    private static final java.lang.String TAG
    public void <init>(android.app.Activity,io.flutter.embedding.engine.systemchannels.PlatformChannel)
io.flutter.plugin.platform.PlatformViewFactory:
    public void <init>(io.flutter.plugin.common.MessageCodec)
io.flutter.plugin.platform.PlatformViewRegistry:
    public abstract boolean registerViewFactory(java.lang.String,io.flutter.plugin.platform.PlatformViewFactory)
io.flutter.plugin.platform.PlatformViewRegistryImpl:
    public boolean registerViewFactory(java.lang.String,io.flutter.plugin.platform.PlatformViewFactory)
io.flutter.plugin.platform.PlatformViewWrapper:
    private static final java.lang.String TAG
    public android.graphics.SurfaceTexture getTexture()
io.flutter.plugin.platform.PlatformViewsController:
    private static final java.lang.String TAG
io.flutter.plugin.platform.SingleViewPresentation$WindowManagerHandler:
    private static final java.lang.String TAG
io.flutter.plugin.platform.VirtualDisplayController:
    public void dispose()
    void onFlutterViewDetached()
io.flutter.util.HandlerCompat:
    public void <init>()
io.flutter.util.PathUtils:
    public void <init>()
io.flutter.util.Preconditions:
    private void <init>()
    public static java.lang.Object checkNotNull(java.lang.Object)
    public static void checkState(boolean)
io.flutter.util.TraceSection:
    public void <init>()
io.flutter.util.ViewUtils:
    public void <init>()
io.flutter.view.AccessibilityBridge$SemanticsNode:
    private void log(java.lang.String,boolean)
io.flutter.view.AccessibilityBridge:
    private static final int ACTION_SHOW_ON_SCREEN
    private static final int BOLD_TEXT_WEIGHT_ADJUSTMENT
    private static final int MIN_ENGINE_GENERATED_NODE_ID
    private static final int ROOT_NODE_ID
    private static final float SCROLL_EXTENT_FOR_INFINITY
    private static final float SCROLL_POSITION_CAP_FOR_INFINITY
    private static final java.lang.String TAG
    public boolean getAccessibleNavigation()
    public int getHoveredObjectId()
    public void reset()
io.flutter.view.FlutterMain$Settings
io.flutter.view.FlutterMain
io.flutter.view.FlutterNativeView$1